<?xml version="1.0" encoding="UTF-8"?>
<testsuite name="TestClass" tests="11" skipped="0" failures="0" errors="0" timestamp="2017-11-19T18:49:19" hostname="Asus-ПК" time="1.502">
  <properties/>
  <testcase name="task3KisCorrect" classname="TestClass" time="1.086"/>
  <testcase name="task3JisCorrect" classname="TestClass" time="0.127"/>
  <testcase name="task3IisCorrect" classname="TestClass" time="0.08"/>
  <testcase name="task3HisCorrect" classname="TestClass" time="0.031"/>
  <testcase name="task3GisCorrect" classname="TestClass" time="0.04"/>
  <testcase name="task3FisCorrect" classname="TestClass" time="0.045"/>
  <testcase name="task3EisCorrect" classname="TestClass" time="0.015"/>
  <testcase name="task3DisCorrect" classname="TestClass" time="0.021"/>
  <testcase name="task3CisCorrect" classname="TestClass" time="0.019"/>
  <testcase name="task3BisCorrect" classname="TestClass" time="0.011"/>
  <testcase name="task3AisCorrect" classname="TestClass" time="0.02"/>
  <system-out><![CDATA[]]></system-out>
  <system-err><![CDATA[]]></system-err>
</testsuite>
